Debug Summary Report - 2025-06-01_23-39-09
===================================

Backend Errors: 2
Top 10 backend errors:
    raise ValueError(
ValueError: Environment variable AZURE_OPENAI_ENDPOINT not found and no default provided
Frontend Errors: 45
Top 10 frontend errors:
2025-06-01 23:39:31,750 - root - ERROR - Proxy error: All connection attempts failed
  File "C:\Users\dayour\AppData\Local\Programs\Python\Python312\Lib\site-packages\httpx\_transports\default.py", line 101, in map_httpcore_exceptions
    with map_exceptions(exc_map):
  File "C:\Users\dayour\AppData\Local\Programs\Python\Python312\Lib\site-packages\httpcore\_exceptions.py", line 14, in map_exceptions
httpcore.ConnectError: All connection attempts failed
The above exception was the direct cause of the following exception:
    with map_httpcore_exceptions():
  File "C:\Users\dayour\AppData\Local\Programs\Python\Python312\Lib\site-packages\httpx\_transports\default.py", line 118, in map_httpcore_exceptions
httpx.ConnectError: All connection attempts failed
2025-06-01 23:39:34,354 - root - ERROR - Proxy error: All connection attempts failed
